Using pre-set license
Built from '2021.1/staging' branch; Version is '2021.1.6f1 (c0fade0cc7e9) revision 12647134'; Using compiler version '192528614'; Build Type 'Release'
OS: 'Windows 10 Pro; OS build 19043.1645; Version 2009; 64bit' Language: 'ru' Physical Memory: 8140 MB
BatchMode: 1, IsHumanControllingUs: 0, StartBugReporterOnCrash: 0, Is64bit: 1, IsPro: 0

 COMMAND LINE ARGUMENTS:
D:\Game\Unity\2021.1.6f1\Editor\Unity.exe
-adb2
-batchMode
-noUpm
-name
AssetImportWorker0
-projectPath
C:/Users/khali/Documents/GitHub/DarkNether2
-logFile
Logs/AssetImportWorker0.log
-srvPort
60961
Successfully changed project path to: C:/Users/khali/Documents/GitHub/DarkNether2
C:/Users/khali/Documents/GitHub/DarkNether2
Using Asset Import Pipeline V2.
Refreshing native plugins compatible for Editor in 128.41 ms, found 2 plugins.
Preloading 0 native plugins for Editor in 0.00 ms.
Initialize engine version: 2021.1.6f1 (c0fade0cc7e9)
[Subsystems] Discovering subsystems at path D:/Game/Unity/2021.1.6f1/Editor/Data/Resources/UnitySubsystems
[Subsystems] Discovering subsystems at path C:/Users/khali/Documents/GitHub/DarkNether2/Assets
GfxDevice: creating device client; threaded=0; jobified=0
Direct3D:
    Version:  Direct3D 11.0 [level 11.1]
    Renderer: NVIDIA GeForce GTX 1050 (ID=0x1c81)
    Vendor:   NVIDIA
    VRAM:     1977 MB
    Driver:   27.21.14.6627
Initialize mono
Mono path[0] = 'D:/Game/Unity/2021.1.6f1/Editor/Data/Managed'
Mono path[1] = 'D:/Game/Unity/2021.1.6f1/Editor/Data/MonoBleedingEdge/lib/mono/unityjit'
Mono config path = 'D:/Game/Unity/2021.1.6f1/Editor/Data/MonoBleedingEdge/etc'
Using monoOptions --debugger-agent=transport=dt_socket,embedding=1,server=y,suspend=n,address=127.0.0.1:56172
Begin MonoManager ReloadAssembly
Registering precompiled unity dll's ...
Register platform support module: D:/Game/Unity/2021.1.6f1/Editor/Data/PlaybackEngines/WebGLSupport/UnityEditor.WebGL.Extensions.dll
Register platform support module: D:/Game/Unity/2021.1.6f1/Editor/Data/PlaybackEngines/WindowsStandaloneSupport/UnityEditor.WindowsStandalone.Extensions.dll
Registered in 0.001874 seconds.
Native extension for WindowsStandalone target not found
Native extension for WebGL target not found
Refreshing native plugins compatible for Editor in 139.29 ms, found 2 plugins.
Preloading 0 native plugins for Editor in 0.00 ms.
Mono: successfully reloaded assembly
- Completed reload, in  2.541 seconds
Platform modules already initialized, skipping
Registering precompiled user dll's ...
Registered in 0.005209 seconds.
Begin MonoManager ReloadAssembly
Native extension for WindowsStandalone target not found
Native extension for WebGL target not found
Refreshing native plugins compatible for Editor in 122.90 ms, found 2 plugins.
Preloading 0 native plugins for Editor in 0.00 ms.
Mono: successfully reloaded assembly
- Completed reload, in  1.945 seconds
Platform modules already initialized, skipping
========================================================================
Worker process is ready to serve import requests
Launched and connected shader compiler UnityShaderCompiler.exe after 0.13 seconds
Refreshing native plugins compatible for Editor in 1.07 ms, found 2 plugins.
Preloading 0 native plugins for Editor in 0.00 ms.
Unloading 3238 Unused Serialized files (Serialized files now loaded: 0)
System memory in use before: 123.8 MB.
System memory in use after: 124.0 MB.

Unloading 19 unused Assets to reduce memory usage. Loaded Objects now: 3688.
Total: 3.990400 ms (FindLiveObjects: 0.415000 ms CreateObjectMapping: 0.144000 ms MarkObjects: 3.336900 ms  DeleteObjects: 0.092200 ms)

========================================================================
Received Import Request.
  path: Assets/Sprites/Player/ImpTileset.png
  artifactKey: Guid(ee23cdceca9deaa46a5c46244c8e7666) Importer(815301076,1909f56bfc062723c751e8b465ee728b)
Start importing Assets/Sprites/Player/ImpTileset.png using Guid(ee23cdceca9deaa46a5c46244c8e7666) Importer(815301076,1909f56bfc062723c751e8b465ee728b)  -> (artifact id: '1e33189693c2ea2061e44ae164ddab4d') in 0.288809 seconds 
========================================================================
Received Import Request.
  Time since last request: 0.849730 seconds.
  path: Assets/Sprites/Player/ImpTileset.png
  artifactKey: Guid(ee23cdceca9deaa46a5c46244c8e7666) Importer(815301076,1909f56bfc062723c751e8b465ee728b)
Start importing Assets/Sprites/Player/ImpTileset.png using Guid(ee23cdceca9deaa46a5c46244c8e7666) Importer(815301076,1909f56bfc062723c751e8b465ee728b)  -> (artifact id: '30b0bd25ff9fbd495f07c0b2206cfcab') in 0.036460 seconds 
========================================================================
Received Import Request.
  Time since last request: 6.053593 seconds.
  path: Assets/Sprites/Player/ImpTileset.png
  artifactKey: Guid(ee23cdceca9deaa46a5c46244c8e7666) Importer(815301076,1909f56bfc062723c751e8b465ee728b)
Start importing Assets/Sprites/Player/ImpTileset.png using Guid(ee23cdceca9deaa46a5c46244c8e7666) Importer(815301076,1909f56bfc062723c751e8b465ee728b)  -> (artifact id: 'd39e39b5eca8116c3c1e1a1a75137b36') in 0.037473 seconds 
========================================================================
Received Import Request.
  Time since last request: 121.383273 seconds.
  path: Assets/Sprites/Player/ImpTileset.png
  artifactKey: Guid(ee23cdceca9deaa46a5c46244c8e7666) Importer(815301076,1909f56bfc062723c751e8b465ee728b)
Start importing Assets/Sprites/Player/ImpTileset.png using Guid(ee23cdceca9deaa46a5c46244c8e7666) Importer(815301076,1909f56bfc062723c751e8b465ee728b)  -> (artifact id: 'dc0f2e369fbd5cac54f7f5e22e47019a') in 0.248166 seconds 
========================================================================
Received Import Request.
  Time since last request: 1302.331713 seconds.
  path: Assets/Sprites/Player/ImpTileset.png
  artifactKey: Guid(ee23cdceca9deaa46a5c46244c8e7666) Importer(815301076,1909f56bfc062723c751e8b465ee728b)
Start importing Assets/Sprites/Player/ImpTileset.png using Guid(ee23cdceca9deaa46a5c46244c8e7666) Importer(815301076,1909f56bfc062723c751e8b465ee728b)  -> (artifact id: '39c542e1d1e0099669624f877da490a4') in 0.253607 seconds 
========================================================================
Received Import Request.
  Time since last request: 369.288307 seconds.
  path: Assets/Sprites/Player/ImpTileset.png
  artifactKey: Guid(ee23cdceca9deaa46a5c46244c8e7666) Importer(815301076,1909f56bfc062723c751e8b465ee728b)
Start importing Assets/Sprites/Player/ImpTileset.png using Guid(ee23cdceca9deaa46a5c46244c8e7666) Importer(815301076,1909f56bfc062723c751e8b465ee728b)  -> (artifact id: '3fe6c5f1cbc222dab836437308da932b') in 0.146104 seconds 
========================================================================
Received Import Request.
  Time since last request: 267.900952 seconds.
  path: Assets/Sprites/Player/ImpTileset.png
  artifactKey: Guid(ee23cdceca9deaa46a5c46244c8e7666) Importer(815301076,1909f56bfc062723c751e8b465ee728b)
Start importing Assets/Sprites/Player/ImpTileset.png using Guid(ee23cdceca9deaa46a5c46244c8e7666) Importer(815301076,1909f56bfc062723c751e8b465ee728b)  -> (artifact id: '634f81a1e4685631fb5f2fd290b2c274') in 0.173683 seconds 
========================================================================
Received Import Request.
  Time since last request: 109.143226 seconds.
  path: Assets/Sprites/Player/ImpTileset.png
  artifactKey: Guid(ee23cdceca9deaa46a5c46244c8e7666) Importer(815301076,1909f56bfc062723c751e8b465ee728b)
Start importing Assets/Sprites/Player/ImpTileset.png using Guid(ee23cdceca9deaa46a5c46244c8e7666) Importer(815301076,1909f56bfc062723c751e8b465ee728b)  -> (artifact id: '0a95c2aedf2f15c68b49e98f9722a143') in 0.165642 seconds 
========================================================================
Received Import Request.
  Time since last request: 73.218668 seconds.
  path: Assets/Sprites/Player/ImpTileset.png
  artifactKey: Guid(ee23cdceca9deaa46a5c46244c8e7666) Importer(815301076,1909f56bfc062723c751e8b465ee728b)
Start importing Assets/Sprites/Player/ImpTileset.png using Guid(ee23cdceca9deaa46a5c46244c8e7666) Importer(815301076,1909f56bfc062723c751e8b465ee728b)  -> (artifact id: 'a6b4d95ea0df790a48cdcfefc330f4cb') in 0.174704 seconds 
========================================================================
Received Import Request.
  Time since last request: 24.988009 seconds.
  path: Assets/Sprites/Player/sprite tilemap.png
  artifactKey: Guid(f2da527ccd67fa74ebee42a0d43bbd59) Importer(815301076,1909f56bfc062723c751e8b465ee728b)
Start importing Assets/Sprites/Player/sprite tilemap.png using Guid(f2da527ccd67fa74ebee42a0d43bbd59) Importer(815301076,1909f56bfc062723c751e8b465ee728b)  -> (artifact id: 'da58b581f21b9b8763a75318b3375744') in 0.189986 seconds 
========================================================================
Received Prepare
Registering precompiled user dll's ...
Registered in 0.008255 seconds.
Begin MonoManager ReloadAssembly
Native extension for WindowsStandalone target not found
Native extension for WebGL target not found
Refreshing native plugins compatible for Editor in 0.79 ms, found 2 plugins.
Preloading 0 native plugins for Editor in 0.00 ms.
Mono: successfully reloaded assembly
- Completed reload, in  1.464 seconds
Platform modules already initialized, skipping
Refreshing native plugins compatible for Editor in 0.79 ms, found 2 plugins.
Preloading 0 native plugins for Editor in 0.00 ms.
Unloading 3230 Unused Serialized files (Serialized files now loaded: 0)
System memory in use before: 133.7 MB.
System memory in use after: 134.0 MB.

Unloading 12 unused Assets to reduce memory usage. Loaded Objects now: 3970.
Total: 3.234900 ms (FindLiveObjects: 0.377500 ms CreateObjectMapping: 0.119400 ms MarkObjects: 2.708000 ms  DeleteObjects: 0.028600 ms)

========================================================================
Received Prepare
Registering precompiled user dll's ...
Registered in 0.005889 seconds.
Begin MonoManager ReloadAssembly
Native extension for WindowsStandalone target not found
Native extension for WebGL target not found
Refreshing native plugins compatible for Editor in 0.78 ms, found 2 plugins.
Preloading 0 native plugins for Editor in 0.00 ms.
Mono: successfully reloaded assembly
- Completed reload, in  1.523 seconds
Platform modules already initialized, skipping
Refreshing native plugins compatible for Editor in 0.77 ms, found 2 plugins.
Preloading 0 native plugins for Editor in 0.00 ms.
Unloading 3228 Unused Serialized files (Serialized files now loaded: 0)
System memory in use before: 133.7 MB.
System memory in use after: 133.9 MB.

Unloading 12 unused Assets to reduce memory usage. Loaded Objects now: 3973.
Total: 3.398900 ms (FindLiveObjects: 0.539800 ms CreateObjectMapping: 0.287600 ms MarkObjects: 2.533500 ms  DeleteObjects: 0.036400 ms)

========================================================================
Received Import Request.
  Time since last request: 128.594029 seconds.
  path: Assets/Animation/Enemy/Imp.controller
  artifactKey: Guid(be586af05512d0e468562e5941fe27ec) Importer(815301076,1909f56bfc062723c751e8b465ee728b)
Start importing Assets/Animation/Enemy/Imp.controller using Guid(be586af05512d0e468562e5941fe27ec) Importer(815301076,1909f56bfc062723c751e8b465ee728b)  -> (artifact id: '416ac2fc04cc236857e0c1be211728a0') in 0.057001 seconds 
========================================================================
Received Import Request.
  Time since last request: 51.576519 seconds.
  path: Assets/Animation/Enemy/Idle.anim
  artifactKey: Guid(a89c7cb692121f2488b6b6bed4f45f43) Importer(815301076,1909f56bfc062723c751e8b465ee728b)
Start importing Assets/Animation/Enemy/Idle.anim using Guid(a89c7cb692121f2488b6b6bed4f45f43) Importer(815301076,1909f56bfc062723c751e8b465ee728b)  -> (artifact id: '0ee875d268c639b01fc0062ff02aa917') in 0.032732 seconds 
========================================================================
Received Import Request.
  Time since last request: 6.861090 seconds.
  path: Assets/Animation/Enemy/Imp
  artifactKey: Guid(d3d26387194d1c847baa9183504a5d19) Importer(815301076,1909f56bfc062723c751e8b465ee728b)
Start importing Assets/Animation/Enemy/Imp using Guid(d3d26387194d1c847baa9183504a5d19) Importer(815301076,1909f56bfc062723c751e8b465ee728b)  -> (artifact id: '53849f0d0df26c22ff1013880cfe13c6') in 0.019066 seconds 
========================================================================
Received Import Request.
  Time since last request: 4.221257 seconds.
  path: Assets/Animation/Enemy/Imp1
  artifactKey: Guid(d3d26387194d1c847baa9183504a5d19) Importer(815301076,1909f56bfc062723c751e8b465ee728b)
Start importing Assets/Animation/Enemy/Imp1 using Guid(d3d26387194d1c847baa9183504a5d19) Importer(815301076,1909f56bfc062723c751e8b465ee728b)  -> (artifact id: '4ae51dcc8c61ab805375af16e76bbdf9') in 0.036436 seconds 
========================================================================
Received Import Request.
  Time since last request: 49.869288 seconds.
  path: Assets/Sprites/Enemy
  artifactKey: Guid(bb8f6864a0b7eb54d86d51b75d488284) Importer(815301076,1909f56bfc062723c751e8b465ee728b)
Start importing Assets/Sprites/Enemy using Guid(bb8f6864a0b7eb54d86d51b75d488284) Importer(815301076,1909f56bfc062723c751e8b465ee728b)  -> (artifact id: '05e3e120d0819b248ad508cda7560740') in 0.023824 seconds 
========================================================================
Received Import Request.
  Time since last request: 5.970915 seconds.
  path: Assets/Sprites/Enemy/Imp
  artifactKey: Guid(9af84f461bfa6a5468c9e9d328da2d08) Importer(815301076,1909f56bfc062723c751e8b465ee728b)
Start importing Assets/Sprites/Enemy/Imp using Guid(9af84f461bfa6a5468c9e9d328da2d08) Importer(815301076,1909f56bfc062723c751e8b465ee728b)  -> (artifact id: '4827345d68989bdb6b5f3e16df7b9719') in 0.021663 seconds 
========================================================================
Received Prepare
Registering precompiled user dll's ...
Registered in 0.005879 seconds.
Begin MonoManager ReloadAssembly
Native extension for WindowsStandalone target not found
Native extension for WebGL target not found
Refreshing native plugins compatible for Editor in 1.05 ms, found 2 plugins.
Preloading 0 native plugins for Editor in 0.00 ms.
Mono: successfully reloaded assembly
- Completed reload, in  1.516 seconds
Platform modules already initialized, skipping
Refreshing native plugins compatible for Editor in 1.10 ms, found 2 plugins.
Preloading 0 native plugins for Editor in 0.00 ms.
Unloading 3228 Unused Serialized files (Serialized files now loaded: 0)
System memory in use before: 133.7 MB.
System memory in use after: 134.0 MB.

Unloading 12 unused Assets to reduce memory usage. Loaded Objects now: 3976.
Total: 4.004500 ms (FindLiveObjects: 0.556000 ms CreateObjectMapping: 0.148600 ms MarkObjects: 3.263900 ms  DeleteObjects: 0.034200 ms)

========================================================================
Received Prepare
Registering precompiled user dll's ...
Registered in 0.005271 seconds.
Begin MonoManager ReloadAssembly
Native extension for WindowsStandalone target not found
Native extension for WebGL target not found
Refreshing native plugins compatible for Editor in 1.44 ms, found 2 plugins.
Preloading 0 native plugins for Editor in 0.00 ms.
Mono: successfully reloaded assembly
- Completed reload, in  1.476 seconds
Platform modules already initialized, skipping
Refreshing native plugins compatible for Editor in 0.80 ms, found 2 plugins.
Preloading 0 native plugins for Editor in 0.00 ms.
Unloading 3228 Unused Serialized files (Serialized files now loaded: 0)
System memory in use before: 133.8 MB.
System memory in use after: 134.0 MB.

Unloading 12 unused Assets to reduce memory usage. Loaded Objects now: 3979.
Total: 3.713500 ms (FindLiveObjects: 0.624400 ms CreateObjectMapping: 0.283700 ms MarkObjects: 2.767500 ms  DeleteObjects: 0.036200 ms)

========================================================================
Received Import Request.
  Time since last request: 729.856875 seconds.
  path: Assets/Animation/Enemy/Imp1/Imp.controller
  artifactKey: Guid(be586af05512d0e468562e5941fe27ec) Importer(815301076,1909f56bfc062723c751e8b465ee728b)
Start importing Assets/Animation/Enemy/Imp1/Imp.controller using Guid(be586af05512d0e468562e5941fe27ec) Importer(815301076,1909f56bfc062723c751e8b465ee728b)  -> (artifact id: 'cb58538ec2beab8ac9800c0d4ded61bd') in 0.033565 seconds 
========================================================================
Received Import Request.
  Time since last request: 1.833743 seconds.
  path: Assets/Animation/Enemy/Imp1/Death.anim
  artifactKey: Guid(d9e9eff57ddcf3342880f68e23995e62) Importer(815301076,1909f56bfc062723c751e8b465ee728b)
Start importing Assets/Animation/Enemy/Imp1/Death.anim using Guid(d9e9eff57ddcf3342880f68e23995e62) Importer(815301076,1909f56bfc062723c751e8b465ee728b)  -> (artifact id: 'bdc1816c9041b77b9a8a71135123b39b') in 0.021921 seconds 
========================================================================
Received Prepare
Registering precompiled user dll's ...
Registered in 0.007130 seconds.
Begin MonoManager ReloadAssembly
Native extension for WindowsStandalone target not found
Native extension for WebGL target not found
Refreshing native plugins compatible for Editor in 1.26 ms, found 2 plugins.
Preloading 0 native plugins for Editor in 0.00 ms.
Mono: successfully reloaded assembly
- Completed reload, in  2.430 seconds
Platform modules already initialized, skipping
Refreshing native plugins compatible for Editor in 1.28 ms, found 2 plugins.
Preloading 0 native plugins for Editor in 0.00 ms.
Unloading 3228 Unused Serialized files (Serialized files now loaded: 0)
System memory in use before: 133.8 MB.
System memory in use after: 134.0 MB.

Unloading 12 unused Assets to reduce memory usage. Loaded Objects now: 3982.
Total: 5.130300 ms (FindLiveObjects: 0.546600 ms CreateObjectMapping: 0.320600 ms MarkObjects: 4.227000 ms  DeleteObjects: 0.034600 ms)

========================================================================
Received Prepare
Registering precompiled user dll's ...
Registered in 0.008759 seconds.
Begin MonoManager ReloadAssembly
Native extension for WindowsStandalone target not found
Native extension for WebGL target not found
Refreshing native plugins compatible for Editor in 1.34 ms, found 2 plugins.
Preloading 0 native plugins for Editor in 0.00 ms.
Mono: successfully reloaded assembly
- Completed reload, in  2.095 seconds
Platform modules already initialized, skipping
Refreshing native plugins compatible for Editor in 1.43 ms, found 2 plugins.
Preloading 0 native plugins for Editor in 0.00 ms.
Unloading 3228 Unused Serialized files (Serialized files now loaded: 0)
System memory in use before: 133.8 MB.
System memory in use after: 134.0 MB.

Unloading 12 unused Assets to reduce memory usage. Loaded Objects now: 3985.
Total: 4.907600 ms (FindLiveObjects: 0.541000 ms CreateObjectMapping: 0.388600 ms MarkObjects: 3.943500 ms  DeleteObjects: 0.032700 ms)

========================================================================
Received Prepare
Registering precompiled user dll's ...
Registered in 0.007629 seconds.
Begin MonoManager ReloadAssembly
Native extension for WindowsStandalone target not found
Native extension for WebGL target not found
Refreshing native plugins compatible for Editor in 1.28 ms, found 2 plugins.
Preloading 0 native plugins for Editor in 0.00 ms.
Mono: successfully reloaded assembly
- Completed reload, in  2.255 seconds
Platform modules already initialized, skipping
Refreshing native plugins compatible for Editor in 1.50 ms, found 2 plugins.
Preloading 0 native plugins for Editor in 0.00 ms.
Unloading 3228 Unused Serialized files (Serialized files now loaded: 0)
System memory in use before: 133.8 MB.
System memory in use after: 134.0 MB.

Unloading 12 unused Assets to reduce memory usage. Loaded Objects now: 3988.
Total: 5.493600 ms (FindLiveObjects: 0.474500 ms CreateObjectMapping: 0.305900 ms MarkObjects: 4.671700 ms  DeleteObjects: 0.039700 ms)

========================================================================
Received Prepare
Registering precompiled user dll's ...
Registered in 0.006423 seconds.
Begin MonoManager ReloadAssembly
Native extension for WindowsStandalone target not found
Native extension for WebGL target not found
Refreshing native plugins compatible for Editor in 1.13 ms, found 2 plugins.
Preloading 0 native plugins for Editor in 0.00 ms.
Mono: successfully reloaded assembly
- Completed reload, in  2.060 seconds
Platform modules already initialized, skipping
Refreshing native plugins compatible for Editor in 1.23 ms, found 2 plugins.
Preloading 0 native plugins for Editor in 0.00 ms.
Unloading 3228 Unused Serialized files (Serialized files now loaded: 0)
System memory in use before: 133.8 MB.
System memory in use after: 134.1 MB.

Unloading 12 unused Assets to reduce memory usage. Loaded Objects now: 3991.
Total: 3.286600 ms (FindLiveObjects: 0.391100 ms CreateObjectMapping: 0.130000 ms MarkObjects: 2.741200 ms  DeleteObjects: 0.022600 ms)

========================================================================
Received Prepare
Registering precompiled user dll's ...
Registered in 0.007301 seconds.
Begin MonoManager ReloadAssembly
Native extension for WindowsStandalone target not found
Native extension for WebGL target not found
Refreshing native plugins compatible for Editor in 0.77 ms, found 2 plugins.
Preloading 0 native plugins for Editor in 0.00 ms.
Mono: successfully reloaded assembly
- Completed reload, in  1.359 seconds
Platform modules already initialized, skipping
Refreshing native plugins compatible for Editor in 1.41 ms, found 2 plugins.
Preloading 0 native plugins for Editor in 0.00 ms.
Unloading 3228 Unused Serialized files (Serialized files now loaded: 0)
System memory in use before: 133.9 MB.
System memory in use after: 134.1 MB.

Unloading 12 unused Assets to reduce memory usage. Loaded Objects now: 3994.
Total: 4.822800 ms (FindLiveObjects: 0.715600 ms CreateObjectMapping: 0.362300 ms MarkObjects: 3.702500 ms  DeleteObjects: 0.040500 ms)

========================================================================
Received Prepare
Registering precompiled user dll's ...
Registered in 0.005901 seconds.
Begin MonoManager ReloadAssembly
Native extension for WindowsStandalone target not found
Native extension for WebGL target not found
Refreshing native plugins compatible for Editor in 0.84 ms, found 2 plugins.
Preloading 0 native plugins for Editor in 0.00 ms.
Mono: successfully reloaded assembly
- Completed reload, in  1.562 seconds
Platform modules already initialized, skipping
Refreshing native plugins compatible for Editor in 0.78 ms, found 2 plugins.
Preloading 0 native plugins for Editor in 0.00 ms.
Unloading 3228 Unused Serialized files (Serialized files now loaded: 0)
System memory in use before: 133.9 MB.
System memory in use after: 134.1 MB.

Unloading 12 unused Assets to reduce memory usage. Loaded Objects now: 3997.
Total: 3.242300 ms (FindLiveObjects: 0.397900 ms CreateObjectMapping: 0.123400 ms MarkObjects: 2.695100 ms  DeleteObjects: 0.024400 ms)

========================================================================
Received Import Request.
  Time since last request: 354.359998 seconds.
  path: Assets/Animation/Enemy/Imp1/Run.anim
  artifactKey: Guid(fd55a3f9b6241e2418435b2164e75825) Importer(815301076,1909f56bfc062723c751e8b465ee728b)
Start importing Assets/Animation/Enemy/Imp1/Run.anim using Guid(fd55a3f9b6241e2418435b2164e75825) Importer(815301076,1909f56bfc062723c751e8b465ee728b)  -> (artifact id: '3fd500551905009d3eb41c75a1ba0f47') in 0.060329 seconds 
========================================================================
Received Import Request.
  Time since last request: 206.813978 seconds.
  path: Assets/Animation/Enemy/Imp1/Imp.controller
  artifactKey: Guid(be586af05512d0e468562e5941fe27ec) Importer(815301076,1909f56bfc062723c751e8b465ee728b)
Start importing Assets/Animation/Enemy/Imp1/Imp.controller using Guid(be586af05512d0e468562e5941fe27ec) Importer(815301076,1909f56bfc062723c751e8b465ee728b)  -> (artifact id: 'dbde1ef1fef236c2b704696ab68c755e') in 0.010782 seconds 
========================================================================
Received Prepare
Registering precompiled user dll's ...
Registered in 0.006739 seconds.
Begin MonoManager ReloadAssembly
Native extension for WindowsStandalone target not found
Native extension for WebGL target not found
Refreshing native plugins compatible for Editor in 1.18 ms, found 2 plugins.
Preloading 0 native plugins for Editor in 0.00 ms.
Mono: successfully reloaded assembly
- Completed reload, in  1.843 seconds
Platform modules already initialized, skipping
Refreshing native plugins compatible for Editor in 1.18 ms, found 2 plugins.
Preloading 0 native plugins for Editor in 0.00 ms.
Unloading 3228 Unused Serialized files (Serialized files now loaded: 0)
System memory in use before: 133.9 MB.
System memory in use after: 134.1 MB.

Unloading 12 unused Assets to reduce memory usage. Loaded Objects now: 4000.
Total: 5.360700 ms (FindLiveObjects: 0.651800 ms CreateObjectMapping: 0.369100 ms MarkObjects: 4.301700 ms  DeleteObjects: 0.035500 ms)

========================================================================
Received Prepare
Registering precompiled user dll's ...
Registered in 0.005848 seconds.
Begin MonoManager ReloadAssembly
Native extension for WindowsStandalone target not found
Native extension for WebGL target not found
Refreshing native plugins compatible for Editor in 1.23 ms, found 2 plugins.
Preloading 0 native plugins for Editor in 0.00 ms.
Mono: successfully reloaded assembly
- Completed reload, in  1.405 seconds
Platform modules already initialized, skipping
Refreshing native plugins compatible for Editor in 0.79 ms, found 2 plugins.
Preloading 0 native plugins for Editor in 0.00 ms.
Unloading 3228 Unused Serialized files (Serialized files now loaded: 0)
System memory in use before: 133.9 MB.
System memory in use after: 134.1 MB.

Unloading 12 unused Assets to reduce memory usage. Loaded Objects now: 4003.
Total: 7.291300 ms (FindLiveObjects: 1.303900 ms CreateObjectMapping: 0.552100 ms MarkObjects: 5.400400 ms  DeleteObjects: 0.032000 ms)

========================================================================
Received Import Request.
  Time since last request: 79.897215 seconds.
  path: Assets/Animation/Enemy/Imp1/Attack.anim
  artifactKey: Guid(e51500a6b7866374d874d1200ed67580) Importer(815301076,1909f56bfc062723c751e8b465ee728b)
Start importing Assets/Animation/Enemy/Imp1/Attack.anim using Guid(e51500a6b7866374d874d1200ed67580) Importer(815301076,1909f56bfc062723c751e8b465ee728b)  -> (artifact id: '22189df9666080e075657c5ef2f42715') in 0.028889 seconds 
========================================================================
Received Prepare
Registering precompiled user dll's ...
Registered in 0.007404 seconds.
Begin MonoManager ReloadAssembly
Native extension for WindowsStandalone target not found
Native extension for WebGL target not found
Refreshing native plugins compatible for Editor in 1.30 ms, found 2 plugins.
Preloading 0 native plugins for Editor in 0.00 ms.
Mono: successfully reloaded assembly
- Completed reload, in  2.514 seconds
Platform modules already initialized, skipping
Refreshing native plugins compatible for Editor in 1.16 ms, found 2 plugins.
Preloading 0 native plugins for Editor in 0.00 ms.
Unloading 3228 Unused Serialized files (Serialized files now loaded: 0)
System memory in use before: 133.9 MB.
System memory in use after: 134.1 MB.

Unloading 12 unused Assets to reduce memory usage. Loaded Objects now: 4006.
Total: 5.092000 ms (FindLiveObjects: 0.461700 ms CreateObjectMapping: 0.150500 ms MarkObjects: 4.446100 ms  DeleteObjects: 0.031800 ms)

========================================================================
Received Prepare
Registering precompiled user dll's ...
Registered in 0.005490 seconds.
Begin MonoManager ReloadAssembly
Native extension for WindowsStandalone target not found
Native extension for WebGL target not found
Refreshing native plugins compatible for Editor in 1.17 ms, found 2 plugins.
Preloading 0 native plugins for Editor in 0.00 ms.
Mono: successfully reloaded assembly
- Completed reload, in  1.409 seconds
Platform modules already initialized, skipping
Refreshing native plugins compatible for Editor in 0.85 ms, found 2 plugins.
Preloading 0 native plugins for Editor in 0.00 ms.
Unloading 3228 Unused Serialized files (Serialized files now loaded: 0)
System memory in use before: 133.9 MB.
System memory in use after: 134.2 MB.

Unloading 12 unused Assets to reduce memory usage. Loaded Objects now: 4009.
Total: 3.134300 ms (FindLiveObjects: 0.377600 ms CreateObjectMapping: 0.102700 ms MarkObjects: 2.628400 ms  DeleteObjects: 0.023700 ms)

========================================================================
Received Prepare
Registering precompiled user dll's ...
Registered in 0.006031 seconds.
Begin MonoManager ReloadAssembly
Native extension for WindowsStandalone target not found
Native extension for WebGL target not found
Refreshing native plugins compatible for Editor in 0.81 ms, found 2 plugins.
Preloading 0 native plugins for Editor in 0.00 ms.
Mono: successfully reloaded assembly
- Completed reload, in  1.365 seconds
Platform modules already initialized, skipping
Refreshing native plugins compatible for Editor in 1.35 ms, found 2 plugins.
Preloading 0 native plugins for Editor in 0.00 ms.
Unloading 3228 Unused Serialized files (Serialized files now loaded: 0)
System memory in use before: 133.9 MB.
System memory in use after: 134.2 MB.

Unloading 12 unused Assets to reduce memory usage. Loaded Objects now: 4012.
Total: 3.349500 ms (FindLiveObjects: 0.391600 ms CreateObjectMapping: 0.141300 ms MarkObjects: 2.785600 ms  DeleteObjects: 0.028900 ms)

AssetImportWorkerClient::OnTransportError - code=2 error=End of file
