Using pre-set license
Built from '2020.3/release' branch; Version is '2020.3.12f1 (b3b2c6512326) revision 11776710'; Using compiler version '192528614'; Build Type 'Release'
OS: 'Windows 10 Pro; OS build 19043.1586; Version 2009; 64bit' Language: 'ru' Physical Memory: 8120 MB
BatchMode: 1, IsHumanControllingUs: 0, StartBugReporterOnCrash: 0, Is64bit: 1, IsPro: 0

 COMMAND LINE ARGUMENTS:
D:\Game\Unity\2020.3.12f1\Editor\Unity.exe
-adb2
-batchMode
-noUpm
-name
AssetImportWorker0
-projectPath
C:/Users/khali/Documents/GitHub/DarkNether2
-logFile
Logs/AssetImportWorker0.log
-srvPort
64478
Successfully changed project path to: C:/Users/khali/Documents/GitHub/DarkNether2
C:/Users/khali/Documents/GitHub/DarkNether2
Using Asset Import Pipeline V2.
Refreshing native plugins compatible for Editor in 43.15 ms, found 2 plugins.
Preloading 0 native plugins for Editor in 0.00 ms.
Initialize engine version: 2020.3.12f1 (b3b2c6512326)
[Subsystems] Discovering subsystems at path D:/Game/Unity/2020.3.12f1/Editor/Data/Resources/UnitySubsystems
[Subsystems] Discovering subsystems at path C:/Users/khali/Documents/GitHub/DarkNether2/Assets
GfxDevice: creating device client; threaded=0
Direct3D:
    Version:  Direct3D 11.0 [level 11.1]
    Renderer: NVIDIA GeForce GTX 1050 (ID=0x1c81)
    Vendor:   
    VRAM:     1977 MB
    Driver:   27.21.14.6627
Initialize mono
Mono path[0] = 'D:/Game/Unity/2020.3.12f1/Editor/Data/Managed'
Mono path[1] = 'D:/Game/Unity/2020.3.12f1/Editor/Data/MonoBleedingEdge/lib/mono/unityjit'
Mono config path = 'D:/Game/Unity/2020.3.12f1/Editor/Data/MonoBleedingEdge/etc'
Using monoOptions --debugger-agent=transport=dt_socket,embedding=1,server=y,suspend=n,address=127.0.0.1:56264
Begin MonoManager ReloadAssembly
Registering precompiled unity dll's ...
Register platform support module: D:/Game/Unity/2020.3.12f1/Editor/Data/PlaybackEngines/WindowsStandaloneSupport/UnityEditor.WindowsStandalone.Extensions.dll
Registered in 0.001588 seconds.
Native extension for WindowsStandalone target not found
Refreshing native plugins compatible for Editor in 44.79 ms, found 2 plugins.
Preloading 0 native plugins for Editor in 0.00 ms.
Mono: successfully reloaded assembly
- Completed reload, in  2.712 seconds
Platform modules already initialized, skipping
Registering precompiled user dll's ...
Registered in 0.006882 seconds.
Begin MonoManager ReloadAssembly
Native extension for WindowsStandalone target not found
Refreshing native plugins compatible for Editor in 0.58 ms, found 2 plugins.
Preloading 0 native plugins for Editor in 0.00 ms.
Mono: successfully reloaded assembly
- Completed reload, in  2.107 seconds
Platform modules already initialized, skipping
========================================================================
Worker process is ready to serve import requests
Launched and connected shader compiler UnityShaderCompiler.exe after 0.10 seconds
Refreshing native plugins compatible for Editor in 0.36 ms, found 2 plugins.
Preloading 0 native plugins for Editor in 0.00 ms.
Unloading 1390 Unused Serialized files (Serialized files now loaded: 0)
System memory in use before: 64.6 MB.
System memory in use after: 64.7 MB.

Unloading 18 unused Assets to reduce memory usage. Loaded Objects now: 1822.
Total: 2.425900 ms (FindLiveObjects: 0.196800 ms CreateObjectMapping: 0.047800 ms MarkObjects: 2.103100 ms  DeleteObjects: 0.076500 ms)

AssetImportParameters requested are different than current active one (requested -> active):
  custom:framework-win-MediaFoundation: 216162199b28c13a410421893ffa2e32 -> 
  custom:video-decoder-ogg-theora: a1e56fd34408186e4bbccfd4996cb3dc -> 
  custom:container-muxer-webm: aa71ff27fc2769a1b78a27578f13a17b -> 
  custom:container-demuxer-webm: 4f35f7cbe854078d1ac9338744f61a02 -> 
  custom:container-demuxer-ogg: 62fdf1f143b41e24485cea50d1cbac27 -> 
  custom:video-encoder-webm-vp8: eb34c28f22e8b96e1ab97ce403110664 -> 
  custom:video-codec-MediaFoundation-h265: 746d11721c4dcdbdad8f713fa42b33f4 -> 
  custom:video-decoder-webm-vp8: 9c59270c3fd7afecdb556c50c9e8de78 -> 
  custom:audio-decoder-ogg-vorbis: bf7c407c2cedff20999df2af8eb42d56 -> 
  custom:audio-encoder-webm-vorbis: bf7c407c2cedff20999df2af8eb42d56 -> 
========================================================================
Received Import Request.
  path: Assets/Scenes/Lvl1.unity
  artifactKey: Guid(2cda990e2423bbf4892e6590ba056729) Importer(815301076,1909f56bfc062723c751e8b465ee728b)
Start importing Assets/Scenes/Lvl1.unity using Guid(2cda990e2423bbf4892e6590ba056729) Importer(815301076,1909f56bfc062723c751e8b465ee728b)  -> (artifact id: 'c5bebeb2ff1cc299f5e94ba02fed42ff') in 0.040981 seconds 
  Import took 0.045457 seconds .

========================================================================
Received Import Request.
  Time since last request: 0.000244 seconds.
  path: Assets/Scenes
  artifactKey: Guid(3aa8ba0fbaf292c48a216746ce25c99b) Importer(815301076,1909f56bfc062723c751e8b465ee728b)
Start importing Assets/Scenes using Guid(3aa8ba0fbaf292c48a216746ce25c99b) Importer(815301076,1909f56bfc062723c751e8b465ee728b)  -> (artifact id: 'f5e7236e2caf142236e7ad290cba0c51') in 0.023739 seconds 
  Import took 0.028419 seconds .

========================================================================
Received Import Request.
  Time since last request: 42.913406 seconds.
  path: Assets/Sprites
  artifactKey: Guid(b49492ecf6f0e2c499fcd27707f0d1fc) Importer(815301076,1909f56bfc062723c751e8b465ee728b)
Start importing Assets/Sprites using Guid(b49492ecf6f0e2c499fcd27707f0d1fc) Importer(815301076,1909f56bfc062723c751e8b465ee728b)  -> (artifact id: '3f8c2fe7c68f1bfe49768111d69163e2') in 0.024975 seconds 
  Import took 0.029756 seconds .

========================================================================
Received Import Request.
  Time since last request: 0.112465 seconds.
  path: Assets/Sprites/player_19.png
  artifactKey: Guid(a5a4a15c81a8d3f48899ceeb70fc9311) Importer(815301076,1909f56bfc062723c751e8b465ee728b)
Start importing Assets/Sprites/player_19.png using Guid(a5a4a15c81a8d3f48899ceeb70fc9311) Importer(815301076,1909f56bfc062723c751e8b465ee728b)  -> (artifact id: '7800600a42c0f92e736f2c4c73bba4ea') in 0.337576 seconds 
  Import took 0.341019 seconds .

========================================================================
Received Import Request.
  Time since last request: 0.000212 seconds.
  path: Assets/Sprites/Square.png
  artifactKey: Guid(9317683638413bd48ab994956b343374) Importer(815301076,1909f56bfc062723c751e8b465ee728b)
Start importing Assets/Sprites/Square.png using Guid(9317683638413bd48ab994956b343374) Importer(815301076,1909f56bfc062723c751e8b465ee728b)  -> (artifact id: '3d56c55eef80871e29ed7263ddfd5b12') in 0.038238 seconds 
  Import took 0.043403 seconds .

========================================================================
Received Import Request.
  Time since last request: 0.000232 seconds.
  path: Assets/Sprites/Sword.png
  artifactKey: Guid(90eb30807d11448448d9138ab792b5c1) Importer(815301076,1909f56bfc062723c751e8b465ee728b)
Start importing Assets/Sprites/Sword.png using Guid(90eb30807d11448448d9138ab792b5c1) Importer(815301076,1909f56bfc062723c751e8b465ee728b)  -> (artifact id: '1f2a224cf9ffce28921400ae6af49904') in 0.029770 seconds 
  Import took 0.037910 seconds .

========================================================================
Received Import Request.
  Time since last request: 0.003990 seconds.
  path: Assets/Sprites/Sword.png
  artifactKey: Guid(90eb30807d11448448d9138ab792b5c1) Importer(815301076,1909f56bfc062723c751e8b465ee728b)
Start importing Assets/Sprites/Sword.png using Guid(90eb30807d11448448d9138ab792b5c1) Importer(815301076,1909f56bfc062723c751e8b465ee728b)  -> (artifact id: '1f2a224cf9ffce28921400ae6af49904') in 0.024966 seconds 
  Import took 0.030494 seconds .

========================================================================
Received Import Request.
  Time since last request: 2.728373 seconds.
  path: Assets/Sprites/Player
  artifactKey: Guid(8061c68af3b8bc2418f667fe1c29072c) Importer(815301076,1909f56bfc062723c751e8b465ee728b)
Start importing Assets/Sprites/Player using Guid(8061c68af3b8bc2418f667fe1c29072c) Importer(815301076,1909f56bfc062723c751e8b465ee728b)  -> (artifact id: '17d647bcdb10078b895737212072fb6a') in 0.014212 seconds 
  Import took 0.019614 seconds .

========================================================================
Received Import Request.
  Time since last request: 0.001331 seconds.
  path: Assets/Sprites/Player
  artifactKey: Guid(8061c68af3b8bc2418f667fe1c29072c) Importer(815301076,1909f56bfc062723c751e8b465ee728b)
Start importing Assets/Sprites/Player using Guid(8061c68af3b8bc2418f667fe1c29072c) Importer(815301076,1909f56bfc062723c751e8b465ee728b)  -> (artifact id: '17d647bcdb10078b895737212072fb6a') in 0.004511 seconds 
  Import took 0.009219 seconds .

========================================================================
Received Import Request.
  Time since last request: 48.275389 seconds.
  path: Assets/Sprites/Player/mainhero1.png
  artifactKey: Guid(6d798c3b5de7baf4098845e7a8400fb8) Importer(815301076,1909f56bfc062723c751e8b465ee728b)
Start importing Assets/Sprites/Player/mainhero1.png using Guid(6d798c3b5de7baf4098845e7a8400fb8) Importer(815301076,1909f56bfc062723c751e8b465ee728b)  -> (artifact id: 'e1670d028bf02c99b961644347482e3c') in 0.020415 seconds 
  Import took 0.023841 seconds .

========================================================================
Received Import Request.
  Time since last request: 0.000225 seconds.
  path: Assets/Sprites/Player/mainhero2.png
  artifactKey: Guid(bbcbb5a5fd2018d48b7cf66161032eba) Importer(815301076,1909f56bfc062723c751e8b465ee728b)
Start importing Assets/Sprites/Player/mainhero2.png using Guid(bbcbb5a5fd2018d48b7cf66161032eba) Importer(815301076,1909f56bfc062723c751e8b465ee728b)  -> (artifact id: 'a92734f613bf550cad0d29041b8fe3db') in 0.033317 seconds 
  Import took 0.037138 seconds .

========================================================================
Received Import Request.
  Time since last request: 0.000278 seconds.
  path: Assets/Sprites/Player/mainhero3.png
  artifactKey: Guid(876c9efeca45b5d47848b6b8c2198f24) Importer(815301076,1909f56bfc062723c751e8b465ee728b)
Start importing Assets/Sprites/Player/mainhero3.png using Guid(876c9efeca45b5d47848b6b8c2198f24) Importer(815301076,1909f56bfc062723c751e8b465ee728b)  -> (artifact id: 'ee1920032ded5734b189ee47d32f7cee') in 0.031279 seconds 
  Import took 0.037199 seconds .

========================================================================
Received Import Request.
  Time since last request: 0.000256 seconds.
  path: Assets/Sprites/Player/mainhero2.png
  artifactKey: Guid(bbcbb5a5fd2018d48b7cf66161032eba) Importer(815301076,1909f56bfc062723c751e8b465ee728b)
Start importing Assets/Sprites/Player/mainhero2.png using Guid(bbcbb5a5fd2018d48b7cf66161032eba) Importer(815301076,1909f56bfc062723c751e8b465ee728b)  -> (artifact id: 'a92734f613bf550cad0d29041b8fe3db') in 0.024094 seconds 
  Import took 0.028196 seconds .

========================================================================
Received Import Request.
  Time since last request: 0.000284 seconds.
  path: Assets/Sprites/Player/mainhero3.png
  artifactKey: Guid(876c9efeca45b5d47848b6b8c2198f24) Importer(815301076,1909f56bfc062723c751e8b465ee728b)
Start importing Assets/Sprites/Player/mainhero3.png using Guid(876c9efeca45b5d47848b6b8c2198f24) Importer(815301076,1909f56bfc062723c751e8b465ee728b)  -> (artifact id: 'ee1920032ded5734b189ee47d32f7cee') in 0.027363 seconds 
  Import took 0.031932 seconds .

========================================================================
Received Import Request.
  Time since last request: 7.493688 seconds.
  path: Assets/Sprites/Player/mainhero1 1.png
  artifactKey: Guid(98e096cd007e2144596c34e14f1847e4) Importer(815301076,1909f56bfc062723c751e8b465ee728b)
Start importing Assets/Sprites/Player/mainhero1 1.png using Guid(98e096cd007e2144596c34e14f1847e4) Importer(815301076,1909f56bfc062723c751e8b465ee728b)  -> (artifact id: '7b765dfd04e5cc5d3a75a39333196329') in 0.030840 seconds 
  Import took 0.036794 seconds .

========================================================================
Received Import Request.
  Time since last request: 0.000286 seconds.
  path: Assets/Sprites/Player/mainhero2 1.png
  artifactKey: Guid(a629eb48a819e1743ac6158104573089) Importer(815301076,1909f56bfc062723c751e8b465ee728b)
Start importing Assets/Sprites/Player/mainhero2 1.png using Guid(a629eb48a819e1743ac6158104573089) Importer(815301076,1909f56bfc062723c751e8b465ee728b)  -> (artifact id: 'cc3af87dc13f05d0785214f864c4d498') in 0.035240 seconds 
  Import took 0.039041 seconds .

========================================================================
Received Import Request.
  Time since last request: 0.000247 seconds.
  path: Assets/Sprites/Player/mainhero5 1.png
  artifactKey: Guid(881cdb8bff02c324abb67a5b074d8dda) Importer(815301076,1909f56bfc062723c751e8b465ee728b)
Start importing Assets/Sprites/Player/mainhero5 1.png using Guid(881cdb8bff02c324abb67a5b074d8dda) Importer(815301076,1909f56bfc062723c751e8b465ee728b)  -> (artifact id: 'd9beee725c8adac7c6ec636a3a27e2ac') in 0.019803 seconds 
  Import took 0.024982 seconds .

========================================================================
Received Import Request.
  Time since last request: 0.000267 seconds.
  path: Assets/Sprites/Player/mainhero4 1.png
  artifactKey: Guid(3c6d286e1c45cab469b453c9f1148ae9) Importer(815301076,1909f56bfc062723c751e8b465ee728b)
Start importing Assets/Sprites/Player/mainhero4 1.png using Guid(3c6d286e1c45cab469b453c9f1148ae9) Importer(815301076,1909f56bfc062723c751e8b465ee728b)  -> (artifact id: 'dac9d11eea97d42b5635564c0c3f4a87') in 0.022525 seconds 
  Import took 0.028893 seconds .

========================================================================
Received Import Request.
  Time since last request: 0.000282 seconds.
  path: Assets/Sprites/Player/mainhero4.png
  artifactKey: Guid(bc7d1026c303ee54eb7fd18136b9ebfd) Importer(815301076,1909f56bfc062723c751e8b465ee728b)
Start importing Assets/Sprites/Player/mainhero4.png using Guid(bc7d1026c303ee54eb7fd18136b9ebfd) Importer(815301076,1909f56bfc062723c751e8b465ee728b)  -> (artifact id: '22189ef26734553f011c0393176b328d') in 0.044301 seconds 
  Import took 0.052892 seconds .

========================================================================
Received Import Request.
  Time since last request: 0.000385 seconds.
  path: Assets/Sprites/Player/mainhero6.png
  artifactKey: Guid(df9c6149af93c904085877125e9942d1) Importer(815301076,1909f56bfc062723c751e8b465ee728b)
Start importing Assets/Sprites/Player/mainhero6.png using Guid(df9c6149af93c904085877125e9942d1) Importer(815301076,1909f56bfc062723c751e8b465ee728b)  -> (artifact id: '0fc3e31ac319dbf7997fa54ca8083b2f') in 0.021079 seconds 
  Import took 0.025228 seconds .

========================================================================
Received Import Request.
  Time since last request: 0.000378 seconds.
  path: Assets/Sprites/Player/mainhero3 1.png
  artifactKey: Guid(e6eb0c14841894f429e2f4307e8e7a91) Importer(815301076,1909f56bfc062723c751e8b465ee728b)
Start importing Assets/Sprites/Player/mainhero3 1.png using Guid(e6eb0c14841894f429e2f4307e8e7a91) Importer(815301076,1909f56bfc062723c751e8b465ee728b)  -> (artifact id: 'c0b17e4a83d5de7ba7e51b1fdac77fac') in 0.035593 seconds 
  Import took 0.042504 seconds .

========================================================================
Received Import Request.
  Time since last request: 0.000374 seconds.
  path: Assets/Sprites/Player/mainhero5.png
  artifactKey: Guid(f0428a02ab9e68f4a8c7a17ca23a7411) Importer(815301076,1909f56bfc062723c751e8b465ee728b)
Start importing Assets/Sprites/Player/mainhero5.png using Guid(f0428a02ab9e68f4a8c7a17ca23a7411) Importer(815301076,1909f56bfc062723c751e8b465ee728b)  -> (artifact id: '11419ad519de12296029f7a45ed5a342') in 0.042521 seconds 
  Import took 0.046093 seconds .

========================================================================
Received Import Request.
  Time since last request: 0.000372 seconds.
  path: Assets/Sprites/Player/mainhero6 1.png
  artifactKey: Guid(1a035253dc3d06b499e66c2bf89bed9a) Importer(815301076,1909f56bfc062723c751e8b465ee728b)
Start importing Assets/Sprites/Player/mainhero6 1.png using Guid(1a035253dc3d06b499e66c2bf89bed9a) Importer(815301076,1909f56bfc062723c751e8b465ee728b)  -> (artifact id: '93b388a3c4e9342faaf412bf00feeabc') in 0.028617 seconds 
  Import took 0.032629 seconds .

========================================================================
Received Import Request.
  Time since last request: 27.997054 seconds.
  path: Assets/Sprites/Player/mainhero3.png
  artifactKey: Guid(876c9efeca45b5d47848b6b8c2198f24) Importer(815301076,1909f56bfc062723c751e8b465ee728b)
Start importing Assets/Sprites/Player/mainhero3.png using Guid(876c9efeca45b5d47848b6b8c2198f24) Importer(815301076,1909f56bfc062723c751e8b465ee728b)  -> (artifact id: 'db10480575d57076fe965c7521cfb7fd') in 0.024408 seconds 
  Import took 0.028950 seconds .

========================================================================
Received Import Request.
  Time since last request: 0.022477 seconds.
  path: Assets/Sprites/Player/mainhero1.png
  artifactKey: Guid(6d798c3b5de7baf4098845e7a8400fb8) Importer(815301076,1909f56bfc062723c751e8b465ee728b)
Start importing Assets/Sprites/Player/mainhero1.png using Guid(6d798c3b5de7baf4098845e7a8400fb8) Importer(815301076,1909f56bfc062723c751e8b465ee728b)  -> (artifact id: '07ec7ef200234bd57eba6759aa633e56') in 0.033266 seconds 
  Import took 0.038726 seconds .

========================================================================
Received Import Request.
  Time since last request: 0.000365 seconds.
  path: Assets/Sprites/Player/mainhero2.png
  artifactKey: Guid(bbcbb5a5fd2018d48b7cf66161032eba) Importer(815301076,1909f56bfc062723c751e8b465ee728b)
Start importing Assets/Sprites/Player/mainhero2.png using Guid(bbcbb5a5fd2018d48b7cf66161032eba) Importer(815301076,1909f56bfc062723c751e8b465ee728b)  -> (artifact id: 'c30049cf9c564bd0472e4d8cd764d0a5') in 0.045596 seconds 
  Import took 0.052257 seconds .

========================================================================
Received Import Request.
  Time since last request: 0.000358 seconds.
  path: Assets/Sprites/Player/mainhero4.png
  artifactKey: Guid(bc7d1026c303ee54eb7fd18136b9ebfd) Importer(815301076,1909f56bfc062723c751e8b465ee728b)
Start importing Assets/Sprites/Player/mainhero4.png using Guid(bc7d1026c303ee54eb7fd18136b9ebfd) Importer(815301076,1909f56bfc062723c751e8b465ee728b)  -> (artifact id: '3e21993d6e9a18cfa9f5769a0e8ec64c') in 0.045998 seconds 
  Import took 0.050318 seconds .

========================================================================
Received Import Request.
  Time since last request: 0.000315 seconds.
  path: Assets/Sprites/Player/mainhero6.png
  artifactKey: Guid(df9c6149af93c904085877125e9942d1) Importer(815301076,1909f56bfc062723c751e8b465ee728b)
Start importing Assets/Sprites/Player/mainhero6.png using Guid(df9c6149af93c904085877125e9942d1) Importer(815301076,1909f56bfc062723c751e8b465ee728b)  -> (artifact id: '5c56714b088d3c528467540fc28090fd') in 0.024769 seconds 
  Import took 0.029146 seconds .

========================================================================
Received Import Request.
  Time since last request: 0.000282 seconds.
  path: Assets/Sprites/Player/mainhero4.png
  artifactKey: Guid(bc7d1026c303ee54eb7fd18136b9ebfd) Importer(815301076,1909f56bfc062723c751e8b465ee728b)
Start importing Assets/Sprites/Player/mainhero4.png using Guid(bc7d1026c303ee54eb7fd18136b9ebfd) Importer(815301076,1909f56bfc062723c751e8b465ee728b)  -> (artifact id: '3e21993d6e9a18cfa9f5769a0e8ec64c') in 0.026305 seconds 
  Import took 0.030509 seconds .

========================================================================
Received Import Request.
  Time since last request: 0.000358 seconds.
  path: Assets/Sprites/Player/mainhero5.png
  artifactKey: Guid(f0428a02ab9e68f4a8c7a17ca23a7411) Importer(815301076,1909f56bfc062723c751e8b465ee728b)
Start importing Assets/Sprites/Player/mainhero5.png using Guid(f0428a02ab9e68f4a8c7a17ca23a7411) Importer(815301076,1909f56bfc062723c751e8b465ee728b)  -> (artifact id: '0fd058c2ae210268e5771449f69fbdca') in 0.029723 seconds 
  Import took 0.035083 seconds .

========================================================================
Received Prepare
Registering precompiled user dll's ...
Registered in 0.016453 seconds.
Begin MonoManager ReloadAssembly
Native extension for WindowsStandalone target not found
Refreshing native plugins compatible for Editor in 0.45 ms, found 2 plugins.
Preloading 0 native plugins for Editor in 0.00 ms.
Mono: successfully reloaded assembly
- Completed reload, in  2.050 seconds
Platform modules already initialized, skipping
Refreshing native plugins compatible for Editor in 0.64 ms, found 2 plugins.
Preloading 0 native plugins for Editor in 0.00 ms.
Unloading 1384 Unused Serialized files (Serialized files now loaded: 0)
System memory in use before: 67.6 MB.
System memory in use after: 67.7 MB.

Unloading 13 unused Assets to reduce memory usage. Loaded Objects now: 1833.
Total: 5.018800 ms (FindLiveObjects: 0.310600 ms CreateObjectMapping: 0.076200 ms MarkObjects: 4.538200 ms  DeleteObjects: 0.091700 ms)

AssetImportParameters requested are different than current active one (requested -> active):
  custom:framework-win-MediaFoundation: 216162199b28c13a410421893ffa2e32 -> 
  custom:video-decoder-ogg-theora: a1e56fd34408186e4bbccfd4996cb3dc -> 
  custom:container-muxer-webm: aa71ff27fc2769a1b78a27578f13a17b -> 
  custom:container-demuxer-webm: 4f35f7cbe854078d1ac9338744f61a02 -> 
  custom:container-demuxer-ogg: 62fdf1f143b41e24485cea50d1cbac27 -> 
  custom:video-encoder-webm-vp8: eb34c28f22e8b96e1ab97ce403110664 -> 
  custom:video-codec-MediaFoundation-h265: 746d11721c4dcdbdad8f713fa42b33f4 -> 
  custom:video-decoder-webm-vp8: 9c59270c3fd7afecdb556c50c9e8de78 -> 
  custom:audio-decoder-ogg-vorbis: bf7c407c2cedff20999df2af8eb42d56 -> 
  custom:audio-encoder-webm-vorbis: bf7c407c2cedff20999df2af8eb42d56 -> 
========================================================================
Received Prepare
Registering precompiled user dll's ...
Registered in 0.008642 seconds.
Begin MonoManager ReloadAssembly
Native extension for WindowsStandalone target not found
Refreshing native plugins compatible for Editor in 0.46 ms, found 2 plugins.
Preloading 0 native plugins for Editor in 0.00 ms.
Mono: successfully reloaded assembly
- Completed reload, in  1.395 seconds
Platform modules already initialized, skipping
Refreshing native plugins compatible for Editor in 0.43 ms, found 2 plugins.
Preloading 0 native plugins for Editor in 0.00 ms.
Unloading 1384 Unused Serialized files (Serialized files now loaded: 0)
System memory in use before: 67.6 MB.
System memory in use after: 67.7 MB.

Unloading 13 unused Assets to reduce memory usage. Loaded Objects now: 1836.
Total: 2.377300 ms (FindLiveObjects: 0.190000 ms CreateObjectMapping: 0.040300 ms MarkObjects: 2.122900 ms  DeleteObjects: 0.022600 ms)

AssetImportParameters requested are different than current active one (requested -> active):
  custom:framework-win-MediaFoundation: 216162199b28c13a410421893ffa2e32 -> 
  custom:video-decoder-ogg-theora: a1e56fd34408186e4bbccfd4996cb3dc -> 
  custom:container-muxer-webm: aa71ff27fc2769a1b78a27578f13a17b -> 
  custom:container-demuxer-webm: 4f35f7cbe854078d1ac9338744f61a02 -> 
  custom:container-demuxer-ogg: 62fdf1f143b41e24485cea50d1cbac27 -> 
  custom:video-encoder-webm-vp8: eb34c28f22e8b96e1ab97ce403110664 -> 
  custom:video-codec-MediaFoundation-h265: 746d11721c4dcdbdad8f713fa42b33f4 -> 
  custom:video-decoder-webm-vp8: 9c59270c3fd7afecdb556c50c9e8de78 -> 
  custom:audio-decoder-ogg-vorbis: bf7c407c2cedff20999df2af8eb42d56 -> 
  custom:audio-encoder-webm-vorbis: bf7c407c2cedff20999df2af8eb42d56 -> 
========================================================================
Received Prepare
Registering precompiled user dll's ...
Registered in 0.047972 seconds.
Begin MonoManager ReloadAssembly
Native extension for WindowsStandalone target not found
Refreshing native plugins compatible for Editor in 0.37 ms, found 2 plugins.
Preloading 0 native plugins for Editor in 0.00 ms.
Mono: successfully reloaded assembly
- Completed reload, in  1.680 seconds
Platform modules already initialized, skipping
Refreshing native plugins compatible for Editor in 1.09 ms, found 2 plugins.
Preloading 0 native plugins for Editor in 0.00 ms.
Unloading 1384 Unused Serialized files (Serialized files now loaded: 0)
System memory in use before: 67.6 MB.
System memory in use after: 67.7 MB.

Unloading 13 unused Assets to reduce memory usage. Loaded Objects now: 1839.
Total: 2.979500 ms (FindLiveObjects: 0.390100 ms CreateObjectMapping: 0.104400 ms MarkObjects: 2.452100 ms  DeleteObjects: 0.031400 ms)

AssetImportParameters requested are different than current active one (requested -> active):
  custom:framework-win-MediaFoundation: 216162199b28c13a410421893ffa2e32 -> 
  custom:video-decoder-ogg-theora: a1e56fd34408186e4bbccfd4996cb3dc -> 
  custom:container-muxer-webm: aa71ff27fc2769a1b78a27578f13a17b -> 
  custom:container-demuxer-webm: 4f35f7cbe854078d1ac9338744f61a02 -> 
  custom:container-demuxer-ogg: 62fdf1f143b41e24485cea50d1cbac27 -> 
  custom:video-encoder-webm-vp8: eb34c28f22e8b96e1ab97ce403110664 -> 
  custom:video-codec-MediaFoundation-h265: 746d11721c4dcdbdad8f713fa42b33f4 -> 
  custom:video-decoder-webm-vp8: 9c59270c3fd7afecdb556c50c9e8de78 -> 
  custom:audio-decoder-ogg-vorbis: bf7c407c2cedff20999df2af8eb42d56 -> 
  custom:audio-encoder-webm-vorbis: bf7c407c2cedff20999df2af8eb42d56 -> 
========================================================================
Received Import Request.
  Time since last request: 468.793309 seconds.
  path: Assets/Animation/Idle.anim
  artifactKey: Guid(9d12fea5f2877fb4e986a38e8d852336) Importer(815301076,1909f56bfc062723c751e8b465ee728b)
Start importing Assets/Animation/Idle.anim using Guid(9d12fea5f2877fb4e986a38e8d852336) Importer(815301076,1909f56bfc062723c751e8b465ee728b)  -> (artifact id: 'f755a0273aa7ad8975d4702dd3e6a1c9') in 0.035383 seconds 
  Import took 0.039008 seconds .

========================================================================
Received Import Request.
  Time since last request: 0.000235 seconds.
  path: Assets/Animation/PlayerController.controller
  artifactKey: Guid(cec580984511b9447853739602d03c09) Importer(815301076,1909f56bfc062723c751e8b465ee728b)
Start importing Assets/Animation/PlayerController.controller using Guid(cec580984511b9447853739602d03c09) Importer(815301076,1909f56bfc062723c751e8b465ee728b)  -> (artifact id: 'b0c60df888614bc82032485fc9f340e9') in 0.053948 seconds 
  Import took 0.056990 seconds .

========================================================================
Received Import Request.
  Time since last request: 73.202655 seconds.
  path: Assets/Scripts
  artifactKey: Guid(d1dfa1029de7aac4790a18efbb0a840b) Importer(815301076,1909f56bfc062723c751e8b465ee728b)
Start importing Assets/Scripts using Guid(d1dfa1029de7aac4790a18efbb0a840b) Importer(815301076,1909f56bfc062723c751e8b465ee728b)  -> (artifact id: 'ab6c5449b7f29c420af00b1e7aea744d') in 0.044020 seconds 
  Import took 0.059899 seconds .

========================================================================
Received Import Request.
  Time since last request: 2.222785 seconds.
  path: Assets/Scripts/Player
  artifactKey: Guid(8625482101c08ed41a29739dc4df1343) Importer(815301076,1909f56bfc062723c751e8b465ee728b)
Start importing Assets/Scripts/Player using Guid(8625482101c08ed41a29739dc4df1343) Importer(815301076,1909f56bfc062723c751e8b465ee728b)  -> (artifact id: 'c91333b40c9ca3d9d9ed73827f9c20b4') in 0.015417 seconds 
  Import took 0.020355 seconds .

========================================================================
Received Prepare
Registering precompiled user dll's ...
Registered in 0.005516 seconds.
Begin MonoManager ReloadAssembly
Native extension for WindowsStandalone target not found
Refreshing native plugins compatible for Editor in 0.38 ms, found 2 plugins.
Preloading 0 native plugins for Editor in 0.00 ms.
Mono: successfully reloaded assembly
- Completed reload, in  1.313 seconds
Platform modules already initialized, skipping
Refreshing native plugins compatible for Editor in 0.37 ms, found 2 plugins.
Preloading 0 native plugins for Editor in 0.00 ms.
Unloading 1384 Unused Serialized files (Serialized files now loaded: 0)
System memory in use before: 67.7 MB.
System memory in use after: 67.8 MB.

Unloading 13 unused Assets to reduce memory usage. Loaded Objects now: 1842.
Total: 2.742000 ms (FindLiveObjects: 0.188500 ms CreateObjectMapping: 0.047400 ms MarkObjects: 2.482100 ms  DeleteObjects: 0.022100 ms)

AssetImportParameters requested are different than current active one (requested -> active):
  custom:framework-win-MediaFoundation: 216162199b28c13a410421893ffa2e32 -> 
  custom:video-decoder-ogg-theora: a1e56fd34408186e4bbccfd4996cb3dc -> 
  custom:container-muxer-webm: aa71ff27fc2769a1b78a27578f13a17b -> 
  custom:container-demuxer-webm: 4f35f7cbe854078d1ac9338744f61a02 -> 
  custom:container-demuxer-ogg: 62fdf1f143b41e24485cea50d1cbac27 -> 
  custom:video-encoder-webm-vp8: eb34c28f22e8b96e1ab97ce403110664 -> 
  custom:video-codec-MediaFoundation-h265: 746d11721c4dcdbdad8f713fa42b33f4 -> 
  custom:video-decoder-webm-vp8: 9c59270c3fd7afecdb556c50c9e8de78 -> 
  custom:audio-decoder-ogg-vorbis: bf7c407c2cedff20999df2af8eb42d56 -> 
  custom:audio-encoder-webm-vorbis: bf7c407c2cedff20999df2af8eb42d56 -> 
========================================================================
Received Import Request.
  Time since last request: 89.094160 seconds.
  path: Assets/Animation
  artifactKey: Guid(a565a31cc9364614fbc4349bf540d6c9) Importer(815301076,1909f56bfc062723c751e8b465ee728b)
Start importing Assets/Animation using Guid(a565a31cc9364614fbc4349bf540d6c9) Importer(815301076,1909f56bfc062723c751e8b465ee728b)  -> (artifact id: 'dc0d7f825e9efd00135b90d7e158fa9a') in 0.020989 seconds 
  Import took 0.024892 seconds .

========================================================================
Received Import Request.
  Time since last request: 0.002050 seconds.
  path: Assets/Animation
  artifactKey: Guid(a565a31cc9364614fbc4349bf540d6c9) Importer(815301076,1909f56bfc062723c751e8b465ee728b)
Start importing Assets/Animation using Guid(a565a31cc9364614fbc4349bf540d6c9) Importer(815301076,1909f56bfc062723c751e8b465ee728b)  -> (artifact id: 'dc0d7f825e9efd00135b90d7e158fa9a') in 0.009660 seconds 
  Import took 0.014290 seconds .

========================================================================
Received Import Request.
  Time since last request: 2.082147 seconds.
  path: Assets/Animation/Attack.anim
  artifactKey: Guid(d2d54a7484241f846b2e2e3bb77f7eb3) Importer(815301076,1909f56bfc062723c751e8b465ee728b)
Start importing Assets/Animation/Attack.anim using Guid(d2d54a7484241f846b2e2e3bb77f7eb3) Importer(815301076,1909f56bfc062723c751e8b465ee728b)  -> (artifact id: '013b459b3f2742d6a48dfd1cb7d2b469') in 0.019978 seconds 
  Import took 0.023954 seconds .

========================================================================
Received Prepare
Registering precompiled user dll's ...
Registered in 0.005763 seconds.
Begin MonoManager ReloadAssembly
Native extension for WindowsStandalone target not found
Refreshing native plugins compatible for Editor in 0.38 ms, found 2 plugins.
Preloading 0 native plugins for Editor in 0.00 ms.
Mono: successfully reloaded assembly
- Completed reload, in  1.415 seconds
Platform modules already initialized, skipping
Refreshing native plugins compatible for Editor in 0.44 ms, found 2 plugins.
Preloading 0 native plugins for Editor in 0.00 ms.
Unloading 1384 Unused Serialized files (Serialized files now loaded: 0)
System memory in use before: 67.7 MB.
System memory in use after: 67.8 MB.

Unloading 13 unused Assets to reduce memory usage. Loaded Objects now: 1845.
Total: 2.817000 ms (FindLiveObjects: 0.190100 ms CreateObjectMapping: 0.039500 ms MarkObjects: 2.563800 ms  DeleteObjects: 0.022100 ms)

AssetImportParameters requested are different than current active one (requested -> active):
  custom:framework-win-MediaFoundation: 216162199b28c13a410421893ffa2e32 -> 
  custom:video-decoder-ogg-theora: a1e56fd34408186e4bbccfd4996cb3dc -> 
  custom:container-muxer-webm: aa71ff27fc2769a1b78a27578f13a17b -> 
  custom:container-demuxer-webm: 4f35f7cbe854078d1ac9338744f61a02 -> 
  custom:container-demuxer-ogg: 62fdf1f143b41e24485cea50d1cbac27 -> 
  custom:video-encoder-webm-vp8: eb34c28f22e8b96e1ab97ce403110664 -> 
  custom:video-codec-MediaFoundation-h265: 746d11721c4dcdbdad8f713fa42b33f4 -> 
  custom:video-decoder-webm-vp8: 9c59270c3fd7afecdb556c50c9e8de78 -> 
  custom:audio-decoder-ogg-vorbis: bf7c407c2cedff20999df2af8eb42d56 -> 
  custom:audio-encoder-webm-vorbis: bf7c407c2cedff20999df2af8eb42d56 -> 
========================================================================
Received Import Request.
  Time since last request: 34.339259 seconds.
  path: Assets/Animation/Player
  artifactKey: Guid(3d67c9fc02fcb0c42b082d565713c387) Importer(815301076,1909f56bfc062723c751e8b465ee728b)
Start importing Assets/Animation/Player using Guid(3d67c9fc02fcb0c42b082d565713c387) Importer(815301076,1909f56bfc062723c751e8b465ee728b)  -> (artifact id: '66daadb02512ccc0f1c26a9d9aaa6565') in 0.008818 seconds 
  Import took 0.012739 seconds .

========================================================================
Received Prepare
Registering precompiled user dll's ...
Registered in 0.022696 seconds.
Begin MonoManager ReloadAssembly
Native extension for WindowsStandalone target not found
Refreshing native plugins compatible for Editor in 0.65 ms, found 2 plugins.
Preloading 0 native plugins for Editor in 0.00 ms.
Mono: successfully reloaded assembly
- Completed reload, in  2.771 seconds
Platform modules already initialized, skipping
Refreshing native plugins compatible for Editor in 0.65 ms, found 2 plugins.
Preloading 0 native plugins for Editor in 0.00 ms.
Unloading 1384 Unused Serialized files (Serialized files now loaded: 0)
System memory in use before: 67.7 MB.
System memory in use after: 67.8 MB.

Unloading 13 unused Assets to reduce memory usage. Loaded Objects now: 1848.
Total: 5.941100 ms (FindLiveObjects: 0.282800 ms CreateObjectMapping: 0.068700 ms MarkObjects: 5.560200 ms  DeleteObjects: 0.027200 ms)

AssetImportParameters requested are different than current active one (requested -> active):
  custom:framework-win-MediaFoundation: 216162199b28c13a410421893ffa2e32 -> 
  custom:video-decoder-ogg-theora: a1e56fd34408186e4bbccfd4996cb3dc -> 
  custom:container-muxer-webm: aa71ff27fc2769a1b78a27578f13a17b -> 
  custom:container-demuxer-webm: 4f35f7cbe854078d1ac9338744f61a02 -> 
  custom:container-demuxer-ogg: 62fdf1f143b41e24485cea50d1cbac27 -> 
  custom:video-encoder-webm-vp8: eb34c28f22e8b96e1ab97ce403110664 -> 
  custom:video-codec-MediaFoundation-h265: 746d11721c4dcdbdad8f713fa42b33f4 -> 
  custom:video-decoder-webm-vp8: 9c59270c3fd7afecdb556c50c9e8de78 -> 
  custom:audio-decoder-ogg-vorbis: bf7c407c2cedff20999df2af8eb42d56 -> 
  custom:audio-encoder-webm-vorbis: bf7c407c2cedff20999df2af8eb42d56 -> 
========================================================================
Received Prepare
Registering precompiled user dll's ...
Registered in 0.033254 seconds.
Begin MonoManager ReloadAssembly
Native extension for WindowsStandalone target not found
Refreshing native plugins compatible for Editor in 1.41 ms, found 2 plugins.
Preloading 0 native plugins for Editor in 0.00 ms.
Mono: successfully reloaded assembly
- Completed reload, in  2.851 seconds
Platform modules already initialized, skipping
Refreshing native plugins compatible for Editor in 1.67 ms, found 2 plugins.
Preloading 0 native plugins for Editor in 0.00 ms.
Unloading 1384 Unused Serialized files (Serialized files now loaded: 0)
System memory in use before: 67.7 MB.
System memory in use after: 67.8 MB.

Unloading 13 unused Assets to reduce memory usage. Loaded Objects now: 1851.
Total: 7.710300 ms (FindLiveObjects: 0.284600 ms CreateObjectMapping: 0.064500 ms MarkObjects: 7.302900 ms  DeleteObjects: 0.055000 ms)

AssetImportParameters requested are different than current active one (requested -> active):
  custom:framework-win-MediaFoundation: 216162199b28c13a410421893ffa2e32 -> 
  custom:video-decoder-ogg-theora: a1e56fd34408186e4bbccfd4996cb3dc -> 
  custom:container-muxer-webm: aa71ff27fc2769a1b78a27578f13a17b -> 
  custom:container-demuxer-webm: 4f35f7cbe854078d1ac9338744f61a02 -> 
  custom:container-demuxer-ogg: 62fdf1f143b41e24485cea50d1cbac27 -> 
  custom:video-encoder-webm-vp8: eb34c28f22e8b96e1ab97ce403110664 -> 
  custom:video-codec-MediaFoundation-h265: 746d11721c4dcdbdad8f713fa42b33f4 -> 
  custom:video-decoder-webm-vp8: 9c59270c3fd7afecdb556c50c9e8de78 -> 
  custom:audio-decoder-ogg-vorbis: bf7c407c2cedff20999df2af8eb42d56 -> 
  custom:audio-encoder-webm-vorbis: bf7c407c2cedff20999df2af8eb42d56 -> 
AssetImportWorkerClient::OnTransportError - code=2 error=End of file
